#! /c/Source/iverilog-install/bin/vvp
:ivl_version "12.0 (devel)" "(s20150603-1539-g2693dd32b)";
:ivl_delay_selection "TYPICAL";
:vpi_time_precision - 12;
:vpi_module "C:\iverilog\lib\ivl\system.vpi";
:vpi_module "C:\iverilog\lib\ivl\vhdl_sys.vpi";
:vpi_module "C:\iverilog\lib\ivl\vhdl_textio.vpi";
:vpi_module "C:\iverilog\lib\ivl\v2005_math.vpi";
:vpi_module "C:\iverilog\lib\ivl\va_math.vpi";
:vpi_module "C:\iverilog\lib\ivl\v2009.vpi";
S_000001d4e2ee8c60 .scope package, "$unit" "$unit" 2 1;
 .timescale 0 0;
S_000001d4e303e360 .scope module, "three_bit_palindrome_tb" "three_bit_palindrome_tb" 3 4;
 .timescale -9 -12;
v000001d4e2f46890_0 .var "clk", 0 0;
v000001d4e2f466b0_0 .net "palindrome_o", 0 0, L_000001d4e30387b0;  1 drivers
v000001d4e2f462f0_0 .var "reset", 0 0;
v000001d4e2f46b10_0 .var "x_i", 0 0;
S_000001d4e303e4f0 .scope begin, "$ivl_for_loop0" "$ivl_for_loop0" 3 19, 3 19 0, S_000001d4e303e360;
 .timescale -9 -12;
v000001d4e2ee7b10_0 .var/2s "i", 31 0;
E_000001d4e2ee7870 .event posedge, v000001d4e2f46930_0;
S_000001d4e2ee9140 .scope module, "DUT" "three_bit_palindrome" 3 7, 4 1 0, S_000001d4e303e360;
 .timescale -9 -12;
    .port_info 0 /INPUT 1 "clk";
    .port_info 1 /INPUT 1 "reset";
    .port_info 2 /INPUT 1 "x_i";
    .port_info 3 /OUTPUT 1 "palindrome_o";
L_000001d4e3038970 .functor XNOR 1, v000001d4e2f46b10_0, L_000001d4e2f46ed0, C4<0>, C4<0>;
L_000001d4e30387b0 .functor AND 1, L_000001d4e3038970, L_000001d4e2f46cf0, C4<1>, C4<1>;
v000001d4e2ec2930_0 .net *"_ivl_1", 0 0, L_000001d4e2f46bb0;  1 drivers
v000001d4e2ee8df0_0 .net *"_ivl_13", 0 0, L_000001d4e2f46ed0;  1 drivers
v000001d4e303e680_0 .net *"_ivl_14", 0 0, L_000001d4e3038970;  1 drivers
v000001d4e303e720_0 .net *"_ivl_17", 0 0, L_000001d4e2f46cf0;  1 drivers
L_000001d4e2f47038 .functor BUFT 1, C4<01>, C4<0>, C4<0>, C4<0>;
v000001d4e2ee92d0_0 .net/2u *"_ivl_2", 1 0, L_000001d4e2f47038;  1 drivers
v000001d4e2f46750_0 .net *"_ivl_4", 1 0, L_000001d4e2f46390;  1 drivers
v000001d4e2f461b0_0 .net *"_ivl_9", 0 0, L_000001d4e2f46f70;  1 drivers
v000001d4e2f46930_0 .net "clk", 0 0, v000001d4e2f46890_0;  1 drivers
v000001d4e2f46250_0 .net "count", 1 0, L_000001d4e2f46570;  1 drivers
v000001d4e2f46a70_0 .var "count_q", 1 0;
v000001d4e2f464d0_0 .net "palindrome_o", 0 0, L_000001d4e30387b0;  alias, 1 drivers
v000001d4e2f46e30_0 .net "reset", 0 0, v000001d4e2f462f0_0;  1 drivers
v000001d4e2f467f0_0 .net "shift_reg", 1 0, L_000001d4e2f46c50;  1 drivers
v000001d4e2f46430_0 .var "shift_reg_q", 1 0;
v000001d4e2f469d0_0 .net "x_i", 0 0, v000001d4e2f46b10_0;  1 drivers
E_000001d4e2ee6df0 .event posedge, v000001d4e2f46e30_0, v000001d4e2f46930_0;
L_000001d4e2f46bb0 .part v000001d4e2f46a70_0, 1, 1;
L_000001d4e2f46390 .arith/sum 2, v000001d4e2f46a70_0, L_000001d4e2f47038;
L_000001d4e2f46570 .functor MUXZ 2, L_000001d4e2f46390, v000001d4e2f46a70_0, L_000001d4e2f46bb0, C4<>;
L_000001d4e2f46f70 .part v000001d4e2f46430_0, 0, 1;
L_000001d4e2f46c50 .concat [ 1 1 0 0], v000001d4e2f46b10_0, L_000001d4e2f46f70;
L_000001d4e2f46ed0 .part v000001d4e2f46430_0, 1, 1;
L_000001d4e2f46cf0 .part v000001d4e2f46a70_0, 1, 1;
    .scope S_000001d4e2ee9140;
T_0 ;
    %wait E_000001d4e2ee6df0;
    %load/vec4 v000001d4e2f46e30_0;
    %flag_set/vec4 8;
    %jmp/0xz  T_0.0, 8;
    %pushi/vec4 0, 0, 2;
    %assign/vec4 v000001d4e2f46a70_0, 0;
    %pushi/vec4 0, 0, 2;
    %assign/vec4 v000001d4e2f46430_0, 0;
    %jmp T_0.1;
T_0.0 ;
    %load/vec4 v000001d4e2f46250_0;
    %assign/vec4 v000001d4e2f46a70_0, 0;
    %load/vec4 v000001d4e2f467f0_0;
    %assign/vec4 v000001d4e2f46430_0, 0;
T_0.1 ;
    %jmp T_0;
    .thread T_0;
    .scope S_000001d4e303e360;
T_1 ;
    %delay 5000, 0;
    %load/vec4 v000001d4e2f46890_0;
    %inv;
    %store/vec4 v000001d4e2f46890_0, 0, 1;
    %jmp T_1;
    .thread T_1;
    .scope S_000001d4e303e360;
T_2 ;
    %pushi/vec4 0, 0, 1;
    %store/vec4 v000001d4e2f46890_0, 0, 1;
    %pushi/vec4 0, 0, 1;
    %store/vec4 v000001d4e2f46b10_0, 0, 1;
    %pushi/vec4 1, 0, 1;
    %store/vec4 v000001d4e2f462f0_0, 0, 1;
    %delay 20000, 0;
    %wait E_000001d4e2ee7870;
    %pushi/vec4 0, 0, 1;
    %store/vec4 v000001d4e2f462f0_0, 0, 1;
    %fork t_1, S_000001d4e303e4f0;
    %jmp t_0;
    .scope S_000001d4e303e4f0;
t_1 ;
    %pushi/vec4 0, 0, 32;
    %store/vec4 v000001d4e2ee7b10_0, 0, 32;
T_2.0 ;
    %load/vec4 v000001d4e2ee7b10_0;
    %cmpi/s 20, 0, 32;
    %jmp/0xz T_2.1, 5;
    %wait E_000001d4e2ee7870;
    %vpi_func 3 21 "$random" 32 {0 0 0};
    %pushi/vec4 2, 0, 32;
    %mod/s;
    %pad/s 1;
    %store/vec4 v000001d4e2f46b10_0, 0, 1;
    ; show_stmt_assign_vector: Get l-value for compressed += operand
    %load/vec4 v000001d4e2ee7b10_0;
    %pushi/vec4 1, 0, 32;
    %add;
    %cast2;
    %store/vec4 v000001d4e2ee7b10_0, 0, 32;
    %jmp T_2.0;
T_2.1 ;
    %end;
    .scope S_000001d4e303e360;
t_0 %join;
    %delay 50000, 0;
    %vpi_call/w 3 25 "$finish" {0 0 0};
    %end;
    .thread T_2;
    .scope S_000001d4e303e360;
T_3 ;
    %vpi_call/w 3 29 "$dumpfile", "3bit_palindrome.vcd" {0 0 0};
    %vpi_call/w 3 30 "$dumpvars", 32'sb00000000000000000000000000000000, S_000001d4e303e360 {0 0 0};
    %vpi_call/w 3 31 "$dumpvars", 32'sb00000000000000000000000000000000, S_000001d4e2ee9140 {0 0 0};
    %end;
    .thread T_3;
    .scope S_000001d4e303e360;
T_4 ;
    %wait E_000001d4e2ee7870;
    %vpi_call/w 3 35 "$display", "At time %0t ns, reset = %0b, x_i = %0b, palindrome_o = %0b", $time, v000001d4e2f462f0_0, v000001d4e2f46b10_0, v000001d4e2f466b0_0 {0 0 0};
    %jmp T_4;
    .thread T_4;
# The file index is used to find the file name in the following table.
:file_names 5;
    "N/A";
    "<interactive>";
    "-";
    ".\3bit_palindrome_tb.sv";
    "./3bit_palindrome.sv";
