#! /c/Source/iverilog-install/bin/vvp
:ivl_version "12.0 (devel)" "(s20150603-1539-g2693dd32b)";
:ivl_delay_selection "TYPICAL";
:vpi_time_precision - 12;
:vpi_module "C:\iverilog\lib\ivl\system.vpi";
:vpi_module "C:\iverilog\lib\ivl\vhdl_sys.vpi";
:vpi_module "C:\iverilog\lib\ivl\vhdl_textio.vpi";
:vpi_module "C:\iverilog\lib\ivl\v2005_math.vpi";
:vpi_module "C:\iverilog\lib\ivl\va_math.vpi";
:vpi_module "C:\iverilog\lib\ivl\v2009.vpi";
S_000002874307ac20 .scope package, "$unit" "$unit" 2 1;
 .timescale 0 0;
S_000002874307adb0 .scope module, "div_by_3_tb" "div_by_3_tb" 3 4;
 .timescale -9 -12;
v00000287433738e0_0 .var "clk", 0 0;
v0000028743373980_0 .net "div_o", 0 0, v0000028743079670_0;  1 drivers
v0000028743373a20_0 .var "reset", 0 0;
v0000028743373ac0_0 .var "x_i", 0 0;
S_000002874307e740 .scope begin, "$ivl_for_loop0" "$ivl_for_loop0" 3 19, 3 19 0, S_000002874307adb0;
 .timescale -9 -12;
v000002874307af40_0 .var/2s "i", 31 0;
E_000002874331a480 .event posedge, v000002874307a7c0_0;
S_000002874307e8d0 .scope module, "DUT" "div_by_3" 3 7, 4 1 0, S_000002874307adb0;
 .timescale 0 0;
    .port_info 0 /INPUT 1 "clk";
    .port_info 1 /INPUT 1 "reset";
    .port_info 2 /INPUT 1 "x_i";
    .port_info 3 /OUTPUT 1 "div_o";
enum000002874331bda0 .enum2/s (32)
   "REM_0" 0,
   "REM_1" 1,
   "REM_2" 2
 ;
v000002874307a7c0_0 .net "clk", 0 0, v00000287433738e0_0;  1 drivers
v0000028743079670_0 .var "div_o", 0 0;
v00000287432e2bc0_0 .net "reset", 0 0, v0000028743373a20_0;  1 drivers
v00000287432e28d0_0 .var/2s "state_curr", 31 0;
v000002874307ea60_0 .var/2s "state_next", 31 0;
v000002874307eb00_0 .net "x_i", 0 0, v0000028743373ac0_0;  1 drivers
E_000002874331a280 .event anyedge, v00000287432e28d0_0, v000002874307eb00_0;
    .scope S_000002874307e8d0;
T_0 ;
    %wait E_000002874331a480;
    %load/vec4 v00000287432e2bc0_0;
    %flag_set/vec4 8;
    %jmp/0xz  T_0.0, 8;
    %pushi/vec4 0, 0, 32;
    %assign/vec4 v00000287432e28d0_0, 0;
    %jmp T_0.1;
T_0.0 ;
    %load/vec4 v000002874307ea60_0;
    %assign/vec4 v00000287432e28d0_0, 0;
T_0.1 ;
    %jmp T_0;
    .thread T_0;
    .scope S_000002874307e8d0;
T_1 ;
Ewait_0 .event/or E_000002874331a280, E_0x0;
    %wait Ewait_0;
    %pushi/vec4 0, 0, 1;
    %store/vec4 v0000028743079670_0, 0, 1;
    %load/vec4 v00000287432e28d0_0;
    %store/vec4 v000002874307ea60_0, 0, 32;
    %load/vec4 v00000287432e28d0_0;
    %dup/vec4;
    %pushi/vec4 0, 0, 32;
    %cmp/u;
    %jmp/1 T_1.0, 6;
    %dup/vec4;
    %pushi/vec4 1, 0, 32;
    %cmp/u;
    %jmp/1 T_1.1, 6;
    %dup/vec4;
    %pushi/vec4 2, 0, 32;
    %cmp/u;
    %jmp/1 T_1.2, 6;
    %pushi/vec4 0, 0, 32;
    %store/vec4 v000002874307ea60_0, 0, 32;
    %jmp T_1.4;
T_1.0 ;
    %load/vec4 v000002874307eb00_0;
    %flag_set/vec4 8;
    %jmp/0xz  T_1.5, 8;
    %pushi/vec4 1, 0, 32;
    %store/vec4 v000002874307ea60_0, 0, 32;
    %jmp T_1.6;
T_1.5 ;
    %pushi/vec4 0, 0, 32;
    %store/vec4 v000002874307ea60_0, 0, 32;
    %pushi/vec4 1, 0, 1;
    %store/vec4 v0000028743079670_0, 0, 1;
T_1.6 ;
    %jmp T_1.4;
T_1.1 ;
    %load/vec4 v000002874307eb00_0;
    %flag_set/vec4 8;
    %jmp/0xz  T_1.7, 8;
    %pushi/vec4 0, 0, 32;
    %store/vec4 v000002874307ea60_0, 0, 32;
    %pushi/vec4 1, 0, 1;
    %store/vec4 v0000028743079670_0, 0, 1;
    %jmp T_1.8;
T_1.7 ;
    %pushi/vec4 2, 0, 32;
    %store/vec4 v000002874307ea60_0, 0, 32;
T_1.8 ;
    %jmp T_1.4;
T_1.2 ;
    %load/vec4 v000002874307eb00_0;
    %flag_set/vec4 8;
    %jmp/0xz  T_1.9, 8;
    %pushi/vec4 2, 0, 32;
    %store/vec4 v000002874307ea60_0, 0, 32;
    %jmp T_1.10;
T_1.9 ;
    %pushi/vec4 1, 0, 32;
    %store/vec4 v000002874307ea60_0, 0, 32;
T_1.10 ;
    %jmp T_1.4;
T_1.4 ;
    %pop/vec4 1;
    %jmp T_1;
    .thread T_1, $push;
    .scope S_000002874307adb0;
T_2 ;
    %delay 5000, 0;
    %load/vec4 v00000287433738e0_0;
    %inv;
    %store/vec4 v00000287433738e0_0, 0, 1;
    %jmp T_2;
    .thread T_2;
    .scope S_000002874307adb0;
T_3 ;
    %pushi/vec4 0, 0, 1;
    %store/vec4 v00000287433738e0_0, 0, 1;
    %pushi/vec4 0, 0, 1;
    %store/vec4 v0000028743373ac0_0, 0, 1;
    %pushi/vec4 1, 0, 1;
    %store/vec4 v0000028743373a20_0, 0, 1;
    %delay 8000, 0;
    %wait E_000002874331a480;
    %pushi/vec4 0, 0, 1;
    %store/vec4 v0000028743373a20_0, 0, 1;
    %fork t_1, S_000002874307e740;
    %jmp t_0;
    .scope S_000002874307e740;
t_1 ;
    %pushi/vec4 0, 0, 32;
    %store/vec4 v000002874307af40_0, 0, 32;
T_3.0 ;
    %load/vec4 v000002874307af40_0;
    %cmpi/s 20, 0, 32;
    %jmp/0xz T_3.1, 5;
    %wait E_000002874331a480;
    %vpi_func 3 21 "$random" 32 {0 0 0};
    %pushi/vec4 2, 0, 32;
    %mod/s;
    %pad/s 1;
    %store/vec4 v0000028743373ac0_0, 0, 1;
    ; show_stmt_assign_vector: Get l-value for compressed += operand
    %load/vec4 v000002874307af40_0;
    %pushi/vec4 1, 0, 32;
    %add;
    %cast2;
    %store/vec4 v000002874307af40_0, 0, 32;
    %jmp T_3.0;
T_3.1 ;
    %end;
    .scope S_000002874307adb0;
t_0 %join;
    %delay 20000, 0;
    %vpi_call/w 3 25 "$finish" {0 0 0};
    %end;
    .thread T_3;
    .scope S_000002874307adb0;
T_4 ;
    %vpi_call/w 3 29 "$dumpfile", "div_by_3.vcd" {0 0 0};
    %vpi_call/w 3 30 "$dumpvars", 32'sb00000000000000000000000000000000, S_000002874307adb0 {0 0 0};
    %end;
    .thread T_4;
# The file index is used to find the file name in the following table.
:file_names 5;
    "N/A";
    "<interactive>";
    "-";
    ".\div_by_3_tb.sv";
    ".\div_by_3.sv";
